ERROR:ROWS : '' not found 
ERROR:PRIMARY KEY :  exits in the task
ERROR:PRIMARY KEY :  exits in the task
ERROR:PRIMARY KEY :  exits in the task
ERROR:PRIMARY KEY :  exits in the task
ERROR:PRIMARY KEY :  exits in the task
ERROR:PRIMARY KEY :  exits in the task
ERROR:PRIMARY KEY :  exits in the task
ERROR:PRIMARY KEY :  exits in the task
ERROR:PRIMARY KEY :  exits in the task
ERROR:PRIMARY KEY :  exits in the task
ERROR:PRIMARY KEY : fsdfasd exits in the task
ERROR:PRIMARY KEY : dsadas exits in the task
ERROR:PRIMARY KEY : hopla exits in the task
ERROR:PRIMARY KEY : dsds exits in the task
ERROR:PRIMARY KEY : dsds exits in the task
ERROR:PRIMARY KEY : hola exits in the task
ERROR:PRIMARY KEY : make exits in the task
ERROR:PRIMARY KEY : dsas exits in the task
ERROR:ROW : element h not found in task
ERROR:ROW : element f not found in task
ERROR:ROW : element c not found in task
ERROR:ROW : element l not found in task
ERROR:ROW : element h not found in task
ERROR:ROW : element h not found in task
ERROR:ROW : element h not found in task
ERROR:ROW : element s not found in task
ERROR:ROW : element s not found in task
ERROR:ROW : element s not found in task
ERROR:ROW : element a not found in task
ERROR:ROW : element a not found in task
ERROR:ROW : element a not found in task
ERROR:ROW : element a not found in task
ERROR:ROW : element a not found in task
ERROR:ROW : element a not found in task
ERROR:ROW : element a not found in task
ERROR:ROW : element a not found in task
ERROR:PRIMARY KEY :  exits in the task
ERROR:PRIMARY KEY :  exits in the task
ERROR:PRIMARY KEY :  exits in the task
ERROR:PRIMARY KEY :  exits in the task
ERROR:PRIMARY KEY :  exits in the task
ERROR:PRIMARY KEY :  exits in the task
ERROR:PRIMARY KEY :  exits in the task
ERROR:PRIMARY KEY :  exits in the task
ERROR:PRIMARY KEY :  exits in the task
ERROR:PRIMARY KEY :  exits in the task
ERROR:PRIMARY KEY : sadf exits in the task
ERROR:ROW : element sadf not found in task
ERROR:PRIMARY KEY :  exits in the task
ERROR:PRIMARY KEY :  exits in the task
ERROR:ROW : element  not found in task
ERROR:ROW : element  not found in task
ERROR:PRIMARY KEY :  exits in the task
ERROR:PRIMARY KEY :  exits in the task
ERROR:PRIMARY KEY :  exits in the task
ERROR:PRIMARY KEY :  exits in the task
ERROR:PRIMARY KEY :  exits in the task
ERROR:ROW : element  not found in task
ERROR:ROW : element  not found in task
ERROR:ROW : element  not found in task
ERROR:ROW : element f not found in task
ERROR:ROW : element f not found in task
ERROR:ROW : element f not found in task
ERROR:ROW : element f not found in task
ERROR:ROW : element f not found in task
ERROR:ROW : element d not found in task
ERROR:ROW : element d not found in task
ERROR:ROW : element d not found in task
ERROR:ROW : element d not found in task
ERROR:ROW : element d not found in task
ERROR:ROW : element d not found in task
ERROR:ROW : element d not found in task
ERROR:ROW : element f not found in task
ERROR:PRIMARY KEY : dsadas exits in the task
ERROR:PRIMARY KEY : dsadas exits in the task
ERROR:PRIMARY KEY : dasdas exits in the task
ERROR:ROW : element t not found in task
ERROR:ROW : element t not found in task
ERROR:ROW : element t not found in task
ERROR:ROW : element t not found in task
ERROR:ROW : element t not found in task
ERROR:ROW : element t not found in task
ERROR:ROW : element t not found in task
ERROR:ROW : element t not found in task
ERROR:ROW : element t not found in task
ERROR:ROW : element t not found in task
ERROR:ROW : element t not found in task
ERROR:ROW : element t not found in task
ERROR:ROW : element t not found in task
ERROR:ROW : element t not found in task
ERROR:ROW : element t not found in task
ERROR:ROW : element t not found in task
ERROR:ROW : element t not found in task
ERROR:ROW : element t not found in task
ERROR:ROW : element t not found in task
ERROR:ROW : element t not found in task
ERROR:ROW : element t not found in task
ERROR:ROW : element t not found in task
ERROR:ROW : element t not found in task
ERROR:ROW : element t not found in task
ERROR:ROW : element t not found in task
ERROR:ROW : element t not found in task
ERROR:ROW : element t not found in task
ERROR:ROW : element t not found in task
ERROR:ROW : element t not found in task
ERROR:ROW : element t not found in task
ERROR:ROW : element t not found in task
ERROR:ROW : element t not found in task
ERROR:ROW : element t not found in task
ERROR:ROW : element t not found in task
ERROR:ROW : element t not found in task
ERROR:ROW : element t not found in task
ERROR:ROW : element t not found in task
ERROR:ROW : element t not found in task
ERROR:ROW : element t not found in task
ERROR:ROW : element t not found in task
ERROR:ROW : element t not found in task
ERROR:ROW : element t not found in task
ERROR:ROW : element t not found in task
ERROR:ROW : element t not found in task
ERROR:ROW : element t not found in task
ERROR:ROW : element t not found in task
ERROR:ROW : element t not found in task
ERROR:ROW : element t not found in task
ERROR:ROW : element t not found in task
ERROR:PRIMARY KEY :  exits in the task
ERROR:PRIMARY KEY :  exits in the task
ERROR:PRIMARY KEY : fasdfa exits in the task
ERROR:ROW : element fasdfa not found in task
ERROR:PRIMARY KEY : asdf exits in the task
ERROR:ROW : element asdf not found in task
ERROR:PRIMARY KEY : asdf exits in the task
ERROR:ROW : element asdf not found in task
ERROR:PRIMARY KEY : asdf exits in the task
ERROR:ROW : element asdf not found in task
ERROR:PRIMARY KEY : sdfasd exits in the task
ERROR:PRIMARY KEY : s exits in the task
ERROR:PRIMARY KEY : s exits in the task
ERROR:PRIMARY KEY : s exits in the task
ERROR:PRIMARY KEY : s exits in the task
ERROR:ROW : element s not found in task
ERROR:ROW : element s not found in task
ERROR:ROW : element s not found in task
ERROR:PRIMARY KEY : s exits in the task
ERROR:PRIMARY KEY : s exits in the task
ERROR:PRIMARY KEY : asd exits in the task
ERROR:PRIMARY KEY : S exits in the task
ERROR:PRIMARY KEY : S exits in the task
ERROR:ROW : element F not found in task
ERROR:ROW : element S not found in task
ERROR:ROW : element F not found in task
ERROR:ROW : element S not found in task
ERROR:ROW : element F not found in task
ERROR:ROW : element S not found in task
ERROR:ROW : element F not found in task
ERROR:ROW : element S not found in task
ERROR:ROW : element F not found in task
ERROR:ROW : element A not found in task
ERROR:ROW : element D not found in task
ERROR:ROW : element A not found in task
ERROR:ROW : element s not found in task
ERROR:ROW : element d not found in task
ERROR:ROW : element A not found in task
ERROR:ROW : element A not found in task
ERROR:ROW : element A not found in task
ERROR:ROW : element D not found in task
ERROR:ROW : element A not found in task
ERROR:ROW : element D not found in task
ERROR:ROW : element ['DASD', 'AS', 'DS', 'ADDS'] not found in task
ERROR:ROW : element ['DASD', 'AS', 'DS', 'ADDS'] not found in task
ERROR:ROW : element ['DASD', 'AS', 'DS', 'ADDS'] not found in task
ERROR:ROW : element ['DASD', 'AS', 'DS', 'ADDS'] not found in task
ERROR:ROW : element ['DASD', 'AS', 'DS', 'ADDS'] not found in task
ERROR:ROW : element ['DASD', 'AS', 'DS', 'ADDS'] not found in task
ERROR:ROW : element ['DASD', 'AS', 'DS', 'ADDS'] not found in task
ERROR:ROW : element s not found in task
ERROR:ROW : element s not found in task
ERROR:ROW : element d not found in task
ERROR:ROW : element d not found in task
ERROR:ROW : element d not found in task
ERROR:ROW : element d not found in task
ERROR:ROW : element d not found in task
ERROR:ROW : element s not found in task
ERROR:ROW : element a not found in task
ERROR:ROW : element s not found in task
