SUCCESS:COLUMN : Created 3 Column sucessfully
SUCCESS:ROW : sucessfully added to 'kshitij'
SUCCESS:ROW : sucessfully added to 'kshitij'
SUCCESS:ROW : sucessfully added to 'kshitij'
SUCCESS:ROW : sucessfully added to 'kshitij'
SUCCESS:ROW : sucessfully added to 'kshitij'
SUCCESS:ROW : sucessfully added to 'kshitij'
SUCCESS:ROW : sucessfully added to 'kshitij'
SUCCESS:ROW : sucessfully added to 'kshitij'
SUCCESS:ROW : sucessfully added to 'kshitij'
SUCCESS:ROW : sucessfully added to 'kshitij'
SUCCESS:ROW : sucessfully added to 'kshitij'
SUCCESS:ROW : sucessfully added to 'kshitij'
SUCCESS:ROW : sucessfully added to 'kshitij'
SUCCESS:ROWS : '' deleted sucessfully
SUCCESS:ROWS : 'take' deleted sucessfully
SUCCESS:ROWS : 'help' deleted sucessfully
SUCCESS:ROW : sucessfully added to 'kshitij'
SUCCESS:ROW : sucessfully added to 'kshitij'
SUCCESS:ROW : sucessfully added to 'kshitij'
SUCCESS:ROW : sucessfully added to 'kshitij'
SUCCESS:ROWS : 'dsfsd' deleted sucessfully
SUCCESS:ROWS : 'pray' deleted sucessfully
SUCCESS:ROWS : 'hola' deleted sucessfully
SUCCESS:ROW : sucessfully added to 'kshitij'
SUCCESS:ROW : sucessfully added to 'kshitij'
SUCCESS:ROW : sucessfully added to 'kshitij'
SUCCESS:ROWS : 'fdsfads' deleted sucessfully
SUCCESS:ROWS : 'fsdfasd' deleted sucessfully
SUCCESS:ROW : sucessfully added to 'kshitij'
SUCCESS:ROWS : 'dsada' deleted sucessfully
SUCCESS:ROW : sucessfully added to 'kshitij'
SUCCESS:ROWS : 'right' deleted sucessfully
SUCCESS:ROW : sucessfully added to 'kshitij'
SUCCESS:ROW : sucessfully added to 'kshitij'
SUCCESS:ROW : sucessfully added to 'kshitij'
SUCCESS:ROWS : 'sdad' deleted sucessfully
SUCCESS:ROWS : 'dsd' deleted sucessfully
SUCCESS:ROWS : 'sadasd' deleted sucessfully
SUCCESS:ROWS : 'main' deleted sucessfully
SUCCESS:ROW : sucessfully added to 'kshitij'
SUCCESS:ROW : sucessfully added to 'kshitij'
SUCCESS:ROW : sucessfully added to 'kshitij'
SUCCESS:ROWS : 'newfram' deleted sucessfully
SUCCESS:ROW : sucessfully added to 'kshitij'
SUCCESS:ROWS : 'dasdsa' deleted sucessfully
SUCCESS:ROW : sucessfully added to 'kshitij'
SUCCESS:ROWS : 'hola' deleted sucessfully
SUCCESS:ROWS : 'dsds' deleted sucessfully
SUCCESS:ROWS : 'hopla' deleted sucessfully
SUCCESS:ROWS : 'dsadas' deleted sucessfully
SUCCESS:ROW : sucessfully added to 'kshitij'
SUCCESS:ROWS : 'hola' deleted sucessfully
SUCCESS:ROW : sucessfully added to 'kshitij'
SUCCESS:ROW : sucessfully added to 'kshitij'
SUCCESS:ROW : sucessfully added to 'kshitij'
SUCCESS:ROWS : 'make' deleted sucessfully
SUCCESS:ROW : sucessfully added to 'kshitij'
SUCCESS:ROW : sucessfully added to 'kshitij'
SUCCESS:ROW : sucessfully added to 'kshitij'
SUCCESS:ROW : sucessfully added to 'kshitij'
SUCCESS:ROW : sucessfully added to 'kshitij'
SUCCESS:ROW : sucessfully added to 'kshitij'
SUCCESS:ROWS : 'fuck' deleted sucessfully
SUCCESS:ROWS : 'hahah' deleted sucessfully
SUCCESS:ROWS : 'create' deleted sucessfully
SUCCESS:ROWS : 'lol' deleted sucessfully
SUCCESS:ROWS : 'make' deleted sucessfully
SUCCESS:ROWS : 'lolk' deleted sucessfully
SUCCESS:ROWS : 'dsas' deleted sucessfully
SUCCESS:ROWS : 'maphone' deleted sucessfully
SUCCESS:ROW : sucessfully added to 'kshitij'
SUCCESS:ROW : sucessfully added to 'kshitij'
SUCCESS:ROW : sucessfully added to 'kshitij'
SUCCESS:ROW : sucessfully added to 'kshitij'
SUCCESS:ROW : sucessfully added to 'kshitij'
SUCCESS:ROW : sucessfully added to 'kshitij'
SUCCESS:ROW : sucessfully added to 'kshitij'
SUCCESS:ROWS : 'holadsa' deleted sucessfully
SUCCESS:ROWS : 'holadsaddf' deleted sucessfully
SUCCESS:ROWS : 'sdasda' deleted sucessfully
SUCCESS:ROWS : 'sdsdas' deleted sucessfully
SUCCESS:ROWS : 'hola' deleted sucessfully
SUCCESS:ROWS : 'sdsdasdsadas' deleted sucessfully
SUCCESS:ROWS : 'yes' deleted sucessfully
SUCCESS:ROW : sucessfully added to 'kshitij'
SUCCESS:ROW : sucessfully added to 'kshitij'
SUCCESS:ROW : sucessfully added to 'kshitij'
SUCCESS:ROW : sucessfully added to 'kshitij'
SUCCESS:ROW : sucessfully added to 'kshitij'
SUCCESS:ROW : sucessfully added to 'kshitij'
SUCCESS:ROW : sucessfully added to 'kshitij'
SUCCESS:ROWS : 'sdsd' deleted sucessfully
SUCCESS:ROWS : 'sdsdass' deleted sucessfully
SUCCESS:ROWS : 'sdsdassdsd' deleted sucessfully
SUCCESS:ROWS : 'sdds' deleted sucessfully
SUCCESS:ROWS : 'sddssdsds' deleted sucessfully
SUCCESS:ROWS : 'sddssdsdsasas' deleted sucessfully
SUCCESS:ROWS : 'sddssdsdsasasdsds' deleted sucessfully
SUCCESS:ROW : sucessfully added to 'kshitij'
SUCCESS:ROW : sucessfully added to 'kshitij'
SUCCESS:ROW : sucessfully added to 'kshitij'
SUCCESS:ROW : sucessfully added to 'kshitij'
SUCCESS:ROW : sucessfully added to 'kshitij'
SUCCESS:ROW : sucessfully added to 'kshitij'
SUCCESS:ROW : sucessfully added to 'kshitij'
SUCCESS:ROW : sucessfully added to 'kshitij'
SUCCESS:ROWS : 'dsfsd' deleted sucessfully
SUCCESS:ROWS : 'dsfsdsdd' deleted sucessfully
SUCCESS:ROWS : 'dsfsdsdddsads' deleted sucessfully
SUCCESS:ROWS : 'dsfsdsdddsadssa' deleted sucessfully
SUCCESS:ROWS : 'dsfsdsdddsadssasddf' deleted sucessfully
SUCCESS:ROWS : 'dsfsdsdddsadssasddfsadsd' deleted sucessfully
SUCCESS:ROWS : 'dsfsdsdddsadssasddfsadsdasdasdsd' deleted sucessfully
SUCCESS:ROWS : 'dsfsdsdddsadssasddfsadsdasdas' deleted sucessfully
SUCCESS:ROW : sucessfully added to 'kshitij'
SUCCESS:ROW : sucessfully added to 'kshitij'
SUCCESS:ROW : sucessfully added to 'kshitij'
SUCCESS:ROW : sucessfully added to 'kshitij'
SUCCESS:ROW : sucessfully added to 'kshitij'
SUCCESS:ROW : sucessfully added to 'kshitij'
SUCCESS:ROW : sucessfully added to 'kshitij'
SUCCESS:ROW : sucessfully added to 'kshitij'
SUCCESS:ROWS : 'asdasd' deleted sucessfully
SUCCESS:ROWS : 'asdasdasddas' deleted sucessfully
SUCCESS:ROWS : 'asdasdasddasdsassd' deleted sucessfully
SUCCESS:ROWS : 'asdasdasddasdsas' deleted sucessfully
SUCCESS:ROWS : 'asdasdasddasdsassdasd' deleted sucessfully
SUCCESS:ROWS : 'asdasdasddasdsassdasdasd' deleted sucessfully
SUCCESS:ROWS : 'asdasdasddasdsassdasdasdasd' deleted sucessfully
SUCCESS:ROWS : 'asdasdasddasdsassdasdasdasdasd' deleted sucessfully
SUCCESS:ROW : sucessfully added to 'kshitij'
SUCCESS:ROW : sucessfully added to 'kshitij'
SUCCESS:ROW : sucessfully added to 'kshitij'
SUCCESS:ROW : sucessfully added to 'kshitij'
SUCCESS:ROW : sucessfully added to 'kshitij'
SUCCESS:ROW : sucessfully added to 'kshitij'
SUCCESS:ROW : sucessfully added to 'kshitij'
