SUCCESS:COLUMN : Created 3 Column sucessfully
SUCCESS:ROW : sucessfully added to 'soham'
SUCCESS:ROW : sucessfully added to 'soham'
SUCCESS:ROW : sucessfully added to 'soham'
SUCCESS:ROW : sucessfully added to 'soham'
SUCCESS:ROW : sucessfully added to 'soham'
SUCCESS:ROWS : 'make tea' deleted sucessfully
SUCCESS:ROWS : 'holy' deleted sucessfully
SUCCESS:ROWS : 'code' deleted sucessfully
SUCCESS:ROW : sucessfully added to 'soham'
SUCCESS:ROW : sucessfully added to 'soham'
SUCCESS:ROWS : 'zcsc' deleted sucessfully
SUCCESS:ROWS : 'ok' deleted sucessfully
SUCCESS:ROW : sucessfully added to 'soham'
SUCCESS:ROW : sucessfully added to 'soham'
SUCCESS:ROWS : 'hello' deleted sucessfully
SUCCESS:ROWS : 'make' deleted sucessfully
SUCCESS:ROW : sucessfully added to 'soham'
SUCCESS:ROW : sucessfully added to 'soham'
SUCCESS:ROW : sucessfully added to 'soham'
SUCCESS:ROWS : 'asss' deleted sucessfully
SUCCESS:ROWS : 'sada' deleted sucessfully
SUCCESS:ROWS : 'fsadfas' deleted sucessfully
SUCCESS:ROW : sucessfully added to 'soham'
SUCCESS:ROW : sucessfully added to 'soham'
SUCCESS:ROW : sucessfully added to 'soham'
SUCCESS:ROWS : 'asdasd' deleted sucessfully
SUCCESS:ROWS : 'sdfasdf' deleted sucessfully
SUCCESS:ROWS : 'gfsdgfsd' deleted sucessfully
SUCCESS:ROW : sucessfully added to 'soham'
SUCCESS:ROW : sucessfully added to 'soham'
SUCCESS:ROWS : 'dasdsa' deleted sucessfully
SUCCESS:ROWS : 'asd' deleted sucessfully
SUCCESS:ROW : sucessfully added to 'soham'
SUCCESS:ROWS : 'araaa' deleted sucessfully
SUCCESS:ROW : sucessfully added to 'soham'
